<?xml version="1.0" encoding="UTF-8"?>
<!-- Generated by org.testng.reporters.JUnitXMLReporter -->
<testsuite hostname="EPHUBUDW2230" name="Default test" tests="30" failures="0" timestamp="7 Jun 2016 09:43:19 GMT" time="0.102" errors="0">
  <testcase name="testAdd" time="0.009" classname="calculator.xp.CalculatorTest"/>
  <testcase name="testExecutionAdd" time="0.003" classname="calculator.xp.CalculatorTest"/>
  <testcase name="testExecutionAddMultipleNumbers" time="0.002" classname="calculator.xp.CalculatorTest"/>
  <testcase name="testExecutionAddMultipleNumbersWithDataProvider" time="0.001" classname="calculator.xp.CalculatorTest"/>
  <testcase name="testExecutionAddMultipleNumbersWithDataProvider" time="0.001" classname="calculator.xp.CalculatorTest"/>
  <testcase name="testExecutionIllegalArgument" time="0.001" classname="calculator.xp.CalculatorTest"/>
  <testcase name="testExecutionSubtract" time="0.001" classname="calculator.xp.CalculatorTest"/>
  <testcase name="testIsNotOperand" time="0.002" classname="calculator.xp.CalculatorTest"/>
  <testcase name="testIsNotOperand" time="0.001" classname="calculator.xp.CalculatorTest"/>
  <testcase name="testIsNotOperand" time="0.001" classname="calculator.xp.CalculatorTest"/>
  <testcase name="testIsNotOperand" time="0.0" classname="calculator.xp.CalculatorTest"/>
  <testcase name="testIsNotOperator" time="0.002" classname="calculator.xp.CalculatorTest"/>
  <testcase name="testIsNotOperator" time="0.001" classname="calculator.xp.CalculatorTest"/>
  <testcase name="testIsNotOperator" time="0.0" classname="calculator.xp.CalculatorTest"/>
  <testcase name="testIsNotOperator" time="0.002" classname="calculator.xp.CalculatorTest"/>
  <testcase name="testIsNotOperator" time="0.002" classname="calculator.xp.CalculatorTest"/>
  <testcase name="testIsNotOperator" time="0.0" classname="calculator.xp.CalculatorTest"/>
  <testcase name="testIsOperand" time="0.001" classname="calculator.xp.CalculatorTest"/>
  <testcase name="testIsOperand" time="0.001" classname="calculator.xp.CalculatorTest"/>
  <testcase name="testIsOperand" time="0.001" classname="calculator.xp.CalculatorTest"/>
  <testcase name="testIsOperand" time="0.001" classname="calculator.xp.CalculatorTest"/>
  <testcase name="testIsOperand" time="0.001" classname="calculator.xp.CalculatorTest"/>
  <testcase name="testIsOperand" time="0.001" classname="calculator.xp.CalculatorTest"/>
  <testcase name="testIsOperator" time="0.003" classname="calculator.xp.CalculatorTest"/>
  <testcase name="testIsOperator" time="0.0" classname="calculator.xp.CalculatorTest"/>
  <testcase name="testIsOperator" time="0.0" classname="calculator.xp.CalculatorTest"/>
  <testcase name="testIsOperator" time="0.002" classname="calculator.xp.CalculatorTest"/>
  <testcase name="testMultiply" time="0.006" classname="calculator.xp.CalculatorTest"/>
  <testcase name="testSubtract" time="0.002" classname="calculator.xp.CalculatorTest"/>
  <testcase name="testValidateInputOrder" time="0.002" classname="calculator.xp.CalculatorTest"/>
</testsuite> <!-- Default test -->
