<?xml version="1.0" encoding="UTF-8"?>
<testng-results skipped="0" failed="0" total="1" passed="1">
  <reporter-output>
  </reporter-output>
  <suite name="Default suite" duration-ms="28" started-at="2016-06-07T08:24:39Z" finished-at="2016-06-07T08:24:39Z">
    <groups>
    </groups>
    <test name="Default test" duration-ms="28" started-at="2016-06-07T08:24:39Z" finished-at="2016-06-07T08:24:39Z">
      <class name="calculator.xp.CalculatorTest">
        <test-method status="PASS" signature="testAdd()[pri:0, instance:calculator.xp.CalculatorTest@5afa04c]" name="testAdd" duration-ms="10" started-at="2016-06-07T10:24:39Z" finished-at="2016-06-07T10:24:39Z">
          <reporter-output>
          </reporter-output>
        </test-method> <!-- testAdd -->
      </class> <!-- calculator.xp.CalculatorTest -->
    </test> <!-- Default test -->
  </suite> <!-- Default suite -->
</testng-results>
